TN:
SF:lib/SuperTool.js
FN:24,get states
FN:35,validateState
FN:47,SuperTool
FN:59,state
FN:72,execute
FNF:5
FNH:5
FNDA:24,get states
FNDA:22,validateState
FNDA:8,SuperTool
FNDA:5,state
FNDA:2,execute
DA:1,1
DA:2,1
DA:3,1
DA:4,1
DA:5,1
DA:6,1
DA:7,1
DA:8,1
DA:9,1
DA:10,1
DA:11,1
DA:12,1
DA:13,1
DA:14,1
DA:15,1
DA:16,1
DA:17,1
DA:18,1
DA:19,1
DA:20,1
DA:21,1
DA:22,1
DA:23,1
DA:24,1
DA:25,24
DA:26,24
DA:27,1
DA:28,1
DA:29,1
DA:30,1
DA:31,1
DA:32,1
DA:33,1
DA:34,1
DA:35,1
DA:36,22
DA:37,8
DA:38,8
DA:39,22
DA:40,1
DA:41,1
DA:42,1
DA:43,1
DA:44,1
DA:45,1
DA:46,1
DA:47,1
DA:48,8
DA:49,8
DA:50,8
DA:51,1
DA:52,1
DA:53,1
DA:54,1
DA:55,1
DA:56,1
DA:57,1
DA:58,1
DA:59,1
DA:60,5
DA:61,2
DA:62,2
DA:63,2
DA:64,5
DA:65,5
DA:66,1
DA:67,1
DA:68,1
DA:69,1
DA:70,1
DA:71,1
DA:72,1
DA:73,2
DA:74,2
DA:75,1
DA:76,1
DA:77,1
LF:77
LH:77
BRDA:1,0,0,1
BRDA:24,1,0,24
BRDA:35,2,0,22
BRDA:36,3,0,8
BRDA:47,4,0,8
BRDA:59,5,0,5
BRDA:60,6,0,2
BRDA:72,7,0,2
BRF:8
BRH:8
end_of_record
TN:
SF:lib/index.js
FNF:0
FNH:0
DA:1,1
DA:2,1
DA:3,1
LF:3
LH:3
BRDA:1,0,0,1
BRF:1
BRH:1
end_of_record
TN:
SF:lib/utils.js
FN:6,exists
FN:12,ignore
FNF:2
FNH:1
FNDA:16,exists
FNDA:0,ignore
DA:1,1
DA:2,1
DA:3,1
DA:4,1
DA:5,1
DA:6,1
DA:7,1
DA:8,1
DA:9,1
DA:10,1
DA:11,1
DA:12,1
LF:12
LH:12
BRDA:1,0,0,1
BRDA:6,1,0,16
BRDA:6,2,0,15
BRF:3
BRH:3
end_of_record
